2024-06-09 08:15:14 - HV000001: Hibernate Validator 6.2.5.Final
2024-06-09 08:15:14 - Starting MiniProjectJavaApplication using Java 17.0.10 on NguyenTrungLam-PTTTK with PID 18512 (E:\src\target\classes started by DELL in E:\src)
2024-06-09 08:15:14 - No active profile set, falling back to 1 default profile: "default"
2024-06-09 08:15:14 - Devtools property defaults active! Set 'spring.devtools.add-properties' to 'false' to disable
2024-06-09 08:15:14 - For additional web related logging consider setting the 'logging.level.web' property to 'DEBUG'
2024-06-09 08:15:15 - Bootstrapping Spring Data JPA repositories in DEFAULT mode.
2024-06-09 08:15:15 - Finished Spring Data repository scanning in 86 ms. Found 12 JPA repository interfaces.
2024-06-09 08:15:16 - Tomcat initialized with port(s): 8080 (http)
2024-06-09 08:15:16 - Initializing ProtocolHandler ["http-nio-8080"]
2024-06-09 08:15:16 - Starting service [Tomcat]
2024-06-09 08:15:16 - Starting Servlet engine: [Apache Tomcat/9.0.71]
2024-06-09 08:15:16 - Initializing Spring embedded WebApplicationContext
2024-06-09 08:15:16 - Root WebApplicationContext: initialization completed in 2239 ms
2024-06-09 08:15:17 - HHH000204: Processing PersistenceUnitInfo [name: default]
2024-06-09 08:15:17 - HHH000412: Hibernate ORM core version 5.6.15.Final
2024-06-09 08:15:17 - HCANN000001: Hibernate Commons Annotations {5.1.2.Final}
2024-06-09 08:15:17 - HikariPool-1 - Starting...
2024-06-09 08:15:17 - HikariPool-1 - Start completed.
2024-06-09 08:15:17 - HHH000400: Using dialect: org.hibernate.dialect.MySQL8Dialect
2024-06-09 08:15:18 - HHH000490: Using JtaPlatform implementation: [org.hibernate.engine.transaction.jta.platform.internal.NoJtaPlatform]
2024-06-09 08:15:18 - Initialized JPA EntityManagerFactory for persistence unit 'default'
2024-06-09 08:15:18 - spring.jpa.open-in-view is enabled by default. Therefore, database queries may be performed during view rendering. Explicitly configure spring.jpa.open-in-view to disable this warning
2024-06-09 08:15:19 - LiveReload server is running on port 35729
2024-06-09 08:15:19 - 

Using generated security password: 943ade97-dce7-4ecf-8457-b950a8161b7c

This generated password is for development use only. Your security configuration must be updated before running your application in production.

2024-06-09 08:15:19 - Will secure any request with [org.springframework.security.web.session.DisableEncodeUrlFilter@18fb6916, org.springframework.security.web.context.request.async.WebAsyncManagerIntegrationFilter@31b896f5, org.springframework.security.web.context.SecurityContextPersistenceFilter@312a8790, org.springframework.security.web.header.HeaderWriterFilter@22030d49, org.springframework.security.web.authentication.logout.LogoutFilter@212c33ce, org.springframework.security.web.authentication.www.BasicAuthenticationFilter@61481a7c, org.springframework.security.web.savedrequest.RequestCacheAwareFilter@263b4e2b, org.springframework.security.web.servletapi.SecurityContextHolderAwareRequestFilter@6354e3f2, org.springframework.security.web.authentication.AnonymousAuthenticationFilter@6c855f55, org.springframework.security.web.session.SessionManagementFilter@23b25fa0, org.springframework.security.web.access.ExceptionTranslationFilter@2405ddce, org.springframework.security.web.access.intercept.FilterSecurityInterceptor@d7ae64c]
2024-06-09 08:15:20 - Starting ProtocolHandler ["http-nio-8080"]
2024-06-09 08:15:20 - Tomcat started on port(s): 8080 (http) with context path ''
2024-06-09 08:15:20 - Started MiniProjectJavaApplication in 6.55 seconds (JVM running for 8.02)
2024-06-09 08:15:29 - Initializing Spring DispatcherServlet 'dispatcherServlet'
2024-06-09 08:15:29 - Initializing Servlet 'dispatcherServlet'
2024-06-09 08:15:29 - Completed initialization in 1 ms
2024-06-09 08:15:38 - User jamesLam logged in successfully at 2024-06-09T08:15:38.083446
2024-06-09 08:15:51 - User 'jamesLam' added 1 units of product 'Iphone 13 MINI' to the cart.
2024-06-09 08:15:57 - User 'jamesLam' placed an order with total price 400464.0 and order ID 83.
2024-06-09 08:16:23 - User 'jamesLam' added 1 units of product 'Samsung S22' to the cart.
2024-06-09 08:16:27 - Resolved [org.springframework.web.bind.MissingServletRequestParameterException: Required request parameter 'productID' for method parameter type long is not present]
2024-06-09 08:16:53 - Application shutdown requested.
2024-06-09 08:16:53 - Pausing ProtocolHandler ["http-nio-8080"]
2024-06-09 08:16:53 - Stopping service [Tomcat]
2024-06-09 08:16:53 - Destroying Spring FrameworkServlet 'dispatcherServlet'
2024-06-09 08:16:53 - Stopping ProtocolHandler ["http-nio-8080"]
2024-06-09 08:16:53 - Destroying ProtocolHandler ["http-nio-8080"]
2024-06-09 08:16:53 - Closing JPA EntityManagerFactory for persistence unit 'default'
2024-06-09 08:16:53 - HikariPool-1 - Shutdown initiated...
2024-06-09 08:16:53 - HikariPool-1 - Shutdown completed.
2024-06-09 13:10:54 - HV000001: Hibernate Validator 6.2.5.Final
2024-06-09 13:10:54 - Starting MiniProjectJavaApplication using Java 17.0.10 on NguyenTrungLam-PTTTK with PID 14380 (E:\src\target\classes started by DELL in E:\src)
2024-06-09 13:10:54 - No active profile set, falling back to 1 default profile: "default"
2024-06-09 13:10:54 - Devtools property defaults active! Set 'spring.devtools.add-properties' to 'false' to disable
2024-06-09 13:10:54 - For additional web related logging consider setting the 'logging.level.web' property to 'DEBUG'
2024-06-09 13:10:56 - Bootstrapping Spring Data JPA repositories in DEFAULT mode.
2024-06-09 13:10:57 - Finished Spring Data repository scanning in 193 ms. Found 12 JPA repository interfaces.
2024-06-09 13:10:58 - Tomcat initialized with port(s): 8080 (http)
2024-06-09 13:10:58 - Initializing ProtocolHandler ["http-nio-8080"]
2024-06-09 13:10:58 - Starting service [Tomcat]
2024-06-09 13:10:58 - Starting Servlet engine: [Apache Tomcat/9.0.71]
2024-06-09 13:10:58 - Initializing Spring embedded WebApplicationContext
2024-06-09 13:10:58 - Root WebApplicationContext: initialization completed in 4098 ms
2024-06-09 13:10:59 - HHH000204: Processing PersistenceUnitInfo [name: default]
2024-06-09 13:10:59 - HHH000412: Hibernate ORM core version 5.6.15.Final
2024-06-09 13:10:59 - HCANN000001: Hibernate Commons Annotations {5.1.2.Final}
2024-06-09 13:10:59 - HikariPool-1 - Starting...
2024-06-09 13:10:59 - HikariPool-1 - Start completed.
2024-06-09 13:10:59 - HHH000400: Using dialect: org.hibernate.dialect.MySQL8Dialect
2024-06-09 13:11:00 - HHH000490: Using JtaPlatform implementation: [org.hibernate.engine.transaction.jta.platform.internal.NoJtaPlatform]
2024-06-09 13:11:00 - Initialized JPA EntityManagerFactory for persistence unit 'default'
2024-06-09 13:11:00 - spring.jpa.open-in-view is enabled by default. Therefore, database queries may be performed during view rendering. Explicitly configure spring.jpa.open-in-view to disable this warning
2024-06-09 13:11:01 - LiveReload server is running on port 35729
2024-06-09 13:11:02 - 

Using generated security password: 0d9025bd-cc01-4615-a315-28da47305896

This generated password is for development use only. Your security configuration must be updated before running your application in production.

2024-06-09 13:11:02 - Will secure any request with [org.springframework.security.web.session.DisableEncodeUrlFilter@4c160c4e, org.springframework.security.web.context.request.async.WebAsyncManagerIntegrationFilter@40db3605, org.springframework.security.web.context.SecurityContextPersistenceFilter@6daafff3, org.springframework.security.web.header.HeaderWriterFilter@498fee5, org.springframework.security.web.authentication.logout.LogoutFilter@6661e36e, org.springframework.security.web.authentication.www.BasicAuthenticationFilter@e86e195, org.springframework.security.web.savedrequest.RequestCacheAwareFilter@767aae7c, org.springframework.security.web.servletapi.SecurityContextHolderAwareRequestFilter@6a80f326, org.springframework.security.web.authentication.AnonymousAuthenticationFilter@79894ef6, org.springframework.security.web.session.SessionManagementFilter@1e647e09, org.springframework.security.web.access.ExceptionTranslationFilter@715c0e8c, org.springframework.security.web.access.intercept.FilterSecurityInterceptor@18494bb]
2024-06-09 13:11:02 - Starting ProtocolHandler ["http-nio-8080"]
2024-06-09 13:11:02 - Tomcat started on port(s): 8080 (http) with context path ''
2024-06-09 13:11:03 - Started MiniProjectJavaApplication in 9.531 seconds (JVM running for 16.169)
2024-06-09 13:11:52 - Application shutdown requested.
2024-06-09 13:11:52 - Pausing ProtocolHandler ["http-nio-8080"]
2024-06-09 13:11:52 - Stopping service [Tomcat]
2024-06-09 13:11:52 - Stopping ProtocolHandler ["http-nio-8080"]
2024-06-09 13:11:52 - Destroying ProtocolHandler ["http-nio-8080"]
2024-06-09 13:11:52 - Closing JPA EntityManagerFactory for persistence unit 'default'
2024-06-09 13:11:52 - HikariPool-1 - Shutdown initiated...
2024-06-09 13:11:52 - HikariPool-1 - Shutdown completed.
